<?xml version="1.0" encoding="UTF-8"?>
<testsuite name="CollatzCalculatorTest" tests="6" skipped="0" failures="0" errors="0" timestamp="2022-07-19T16:15:02" hostname="NT-IT-LT-2177" time="0.023">
  <properties/>
  <testcase name="testCorrectNumberOfStepsWhenBothStepTypesAreNeeded" classname="CollatzCalculatorTest" time="0.001"/>
  <testcase name="testAVeryLargeInput" classname="CollatzCalculatorTest" time="0.0"/>
  <testcase name="testZeroIsConsideredInvalidInput" classname="CollatzCalculatorTest" time="0.021"/>
  <testcase name="testCorrectNumberOfStepsWhenAllStepsAreDivisions" classname="CollatzCalculatorTest" time="0.0"/>
  <testcase name="testZeroStepsRequiredWhenStartingFrom1" classname="CollatzCalculatorTest" time="0.001"/>
  <testcase name="testNegativeIntegerIsConsideredInvalidInput" classname="CollatzCalculatorTest" time="0.0"/>
  <system-out><![CDATA[]]></system-out>
  <system-err><![CDATA[]]></system-err>
</testsuite>
